{
  "RSpec": {
    "coverage": {
      "/home/alexromo3rd/tic-tac-toe-rb-online-web-sp-000/lib/tic_tac_toe.rb": [
        null,
        1,
        null,
        null,
        null,
        null,
        null,
        null,
        null,
        null,
        null,
        1,
        4,
        4,
        4,
        4,
        4,
        null,
        null,
        1,
        6,
        null,
        null,
        1,
        5,
        null,
        null,
        1,
        8,
        null,
        null,
        1,
        6,
        null,
        null,
        1,
        3,
        3,
        3,
        3,
        2,
        2,
        null,
        1,
        null,
        null,
        null,
        1,
        4,
        4,
        36,
        null,
        4,
        null,
        null,
        1,
        3,
        null,
        null,
        1,
        12,
        88,
        88,
        88,
        null,
        88,
        88,
        88,
        null,
        88,
        5,
        83,
        0,
        null,
        null,
        7,
        null,
        null,
        1,
        7,
        null,
        null,
        1,
        7,
        null,
        null,
        1,
        3,
        null,
        null,
        1,
        1,
        null
      ]
    },
    "timestamp": 1581914398
  }
}
