{
  "RSpec": {
    "coverage": {
      "/home/alexromo3rd/tic-tac-toe-rb-online-web-sp-000/lib/tic_tac_toe.rb": [
        null,
        1,
        null,
        null,
        null,
        null,
        null,
        null,
        null,
        null,
        null,
        1,
        4,
        4,
        4,
        4,
        4,
        null,
        null,
        1,
        6,
        null,
        null,
        1,
        5,
        null,
        null,
        1,
        8,
        null,
        null,
        1,
        6,
        null,
        null,
        1,
        3,
        3,
        3,
        3,
        2,
        2,
        null,
        1,
        null,
        null,
        null,
        1,
        5,
        5,
        45,
        null,
        5,
        null,
        null,
        1,
        4,
        null,
        null,
        1,
        11,
        81,
        81,
        81,
        null,
        81,
        81,
        81,
        null,
        81,
        4,
        77,
        0,
        null,
        null,
        7,
        null,
        null,
        1,
        7,
        null,
        null,
        1,
        7,
        null,
        null,
        1,
        3,
        null,
        null,
        1,
        1,
        null
      ]
    },
    "timestamp": 1581913573
  }
}
